2025-06-26 19:50:29,202 ERROR: Error: Directory migrations already exists and is not empty
2025-06-27 11:09:39,739 INFO: [31m[1mWARNING: This is a development server. Do not use it in a production deployment. Use a production WSGI server instead.[0m
 * Running on http://127.0.0.1:5000
2025-06-27 11:09:39,740 INFO: [33mPress CTRL+C to quit[0m
2025-06-27 11:09:39,787 INFO:  * Restarting with watchdog (windowsapi)
2025-06-27 11:09:41,491 WARNING:  * Debugger is active!
2025-06-27 11:09:41,497 INFO:  * Debugger PIN: 232-223-608
2025-06-27 11:12:52,068 ERROR: Error: Directory migrations already exists and is not empty
2025-06-27 14:09:07,274 ERROR: Error: Directory migrations already exists and is not empty
2025-06-27 14:10:48,067 INFO: [31m[1mWARNING: This is a development server. Do not use it in a production deployment. Use a production WSGI server instead.[0m
 * Running on http://127.0.0.1:5000
2025-06-27 14:10:48,067 INFO: [33mPress CTRL+C to quit[0m
2025-06-27 14:13:30,863 ERROR: Error: Directory migrations already exists and is not empty
2025-06-27 14:15:09,765 INFO: [31m[1mWARNING: This is a development server. Do not use it in a production deployment. Use a production WSGI server instead.[0m
 * Running on http://127.0.0.1:5000
2025-06-27 14:15:09,765 INFO: [33mPress CTRL+C to quit[0m
2025-06-27 14:17:40,613 INFO: [31m[1mWARNING: This is a development server. Do not use it in a production deployment. Use a production WSGI server instead.[0m
 * Running on http://127.0.0.1:5000
2025-06-27 14:17:40,613 INFO: [33mPress CTRL+C to quit[0m
2025-06-27 14:19:44,700 ERROR: Error: Directory migrations already exists and is not empty
2025-06-27 14:20:14,656 INFO: [31m[1mWARNING: This is a development server. Do not use it in a production deployment. Use a production WSGI server instead.[0m
 * Running on http://127.0.0.1:5000
2025-06-27 14:20:14,656 INFO: [33mPress CTRL+C to quit[0m
2025-06-27 14:24:55,636 INFO: [31m[1mWARNING: This is a development server. Do not use it in a production deployment. Use a production WSGI server instead.[0m
 * Running on http://127.0.0.1:5000
2025-06-27 14:24:55,637 INFO: [33mPress CTRL+C to quit[0m
2025-06-27 14:24:55,642 INFO:  * Restarting with stat
2025-06-27 14:24:56,859 WARNING:  * Debugger is active!
2025-06-27 14:24:56,866 INFO:  * Debugger PIN: 246-937-099
2025-06-27 14:26:24,440 INFO: [31m[1mWARNING: This is a development server. Do not use it in a production deployment. Use a production WSGI server instead.[0m
 * Running on http://127.0.0.1:5000
2025-06-27 14:26:24,441 INFO: [33mPress CTRL+C to quit[0m
2025-06-27 14:26:24,441 INFO:  * Restarting with stat
2025-06-27 14:26:25,670 WARNING:  * Debugger is active!
2025-06-27 14:26:25,682 INFO:  * Debugger PIN: 246-937-099
2025-06-27 14:27:33,722 INFO: 127.0.0.1 - - [27/Jun/2025 14:27:33] "[33mGET / HTTP/1.1[0m" 404 -
2025-06-27 14:27:33,873 INFO: 127.0.0.1 - - [27/Jun/2025 14:27:33] "[33mGET /favicon.ico HTTP/1.1[0m" 404 -
2025-06-27 14:30:25,925 ERROR: Error: Directory migrations already exists and is not empty
2025-06-27 14:30:44,775 INFO: [31m[1mWARNING: This is a development server. Do not use it in a production deployment. Use a production WSGI server instead.[0m
 * Running on http://127.0.0.1:5000
2025-06-27 14:30:44,775 INFO: [33mPress CTRL+C to quit[0m
2025-06-27 14:30:44,779 INFO:  * Restarting with stat
2025-06-27 14:30:45,988 WARNING:  * Debugger is active!
2025-06-27 14:30:45,992 INFO:  * Debugger PIN: 246-937-099
2025-06-27 14:36:29,413 INFO:  * Detected change in 'D:\\Internship Tasks\\FLASK_APP\\app\\__init__.py', reloading
2025-06-27 14:36:29,429 INFO:  * Detected change in 'D:\\Internship Tasks\\FLASK_APP\\app\\__init__.py', reloading
2025-06-27 14:36:29,691 INFO:  * Restarting with stat
2025-06-27 14:36:29,694 INFO:  * Restarting with stat
2025-06-27 14:36:31,727 WARNING:  * Debugger is active!
2025-06-27 14:36:31,738 INFO:  * Debugger PIN: 246-937-099
2025-06-27 14:36:31,745 WARNING:  * Debugger is active!
2025-06-27 14:36:31,752 INFO:  * Debugger PIN: 246-937-099
2025-06-27 14:37:34,848 ERROR: Error: Directory migrations already exists and is not empty
2025-06-27 14:37:59,176 INFO: [31m[1mWARNING: This is a development server. Do not use it in a production deployment. Use a production WSGI server instead.[0m
 * Running on http://127.0.0.1:5000
2025-06-27 14:37:59,176 INFO: [33mPress CTRL+C to quit[0m
2025-06-27 14:37:59,183 INFO:  * Restarting with stat
2025-06-27 14:38:00,512 WARNING:  * Debugger is active!
2025-06-27 14:38:00,515 INFO:  * Debugger PIN: 246-937-099
2025-06-27 14:40:41,329 ERROR: Error: Directory migrations already exists and is not empty
2025-06-27 14:42:53,431 ERROR: Error: Directory migrations already exists and is not empty
2025-06-27 14:43:49,667 INFO: [31m[1mWARNING: This is a development server. Do not use it in a production deployment. Use a production WSGI server instead.[0m
 * Running on http://127.0.0.1:5000
2025-06-27 14:43:49,667 INFO: [33mPress CTRL+C to quit[0m
2025-06-27 14:43:49,668 INFO:  * Restarting with stat
2025-06-27 14:43:51,110 WARNING:  * Debugger is active!
2025-06-27 14:43:51,111 INFO:  * Debugger PIN: 246-937-099
2025-06-27 14:45:48,806 INFO:  * Detected change in 'D:\\Internship Tasks\\FLASK_APP\\app\\models.py', reloading
2025-06-27 14:45:49,019 INFO:  * Restarting with stat
2025-06-27 14:45:50,853 WARNING:  * Debugger is active!
2025-06-27 14:45:50,870 INFO:  * Debugger PIN: 246-937-099
2025-06-27 14:47:48,813 INFO:  * Detected change in 'D:\\Internship Tasks\\FLASK_APP\\run.py', reloading
2025-06-27 14:47:49,044 INFO:  * Restarting with stat
2025-06-27 14:47:50,964 WARNING:  * Debugger is active!
2025-06-27 14:47:50,973 INFO:  * Debugger PIN: 246-937-099
2025-06-27 15:59:31,704 INFO:  * Detected change in 'D:\\Internship Tasks\\FLASK_APP\\app\\utils.py', reloading
2025-06-27 15:59:31,855 INFO:  * Restarting with stat
